[debug] [2023-08-13T16:45:06.473Z] ----------------------------------------------------------------------
[debug] [2023-08-13T16:45:06.476Z] Command:       C:\Program Files\nodejs\node.exe C:\Users\dhruv\AppData\Roaming\npm\node_modules\firebase-tools\lib\bin\firebase.js init
[debug] [2023-08-13T16:45:06.476Z] CLI Version:   12.4.7
[debug] [2023-08-13T16:45:06.476Z] Platform:      win32
[debug] [2023-08-13T16:45:06.477Z] Node Version:  v18.14.2
[debug] [2023-08-13T16:45:06.477Z] Time:          Sun Aug 13 2023 22:15:06 GMT+0530 (India Standard Time)
[debug] [2023-08-13T16:45:06.478Z] ----------------------------------------------------------------------
[debug] 
[debug] [2023-08-13T16:45:06.484Z] > command requires scopes: ["email","openid","https://www.googleapis.com/auth/cloudplatformprojects.readonly","https://www.googleapis.com/auth/firebase","https://www.googleapis.com/auth/cloud-platform"]
[debug] [2023-08-13T16:45:06.485Z] > authorizing via signed-in user (shantikunjmasala@gmail.com)
[info] 
     ######## #### ########  ######## ########     ###     ######  ########
     ##        ##  ##     ## ##       ##     ##  ##   ##  ##       ##
     ######    ##  ########  ######   ########  #########  ######  ######
     ##        ##  ##    ##  ##       ##     ## ##     ##       ## ##
     ##       #### ##     ## ######## ########  ##     ##  ######  ########

You're about to initialize a Firebase project in this directory:

  P:\Client's\SKM\landing page\Static page\shantikunj-masala-coming-soon

[info] 
=== Project Setup
[info] 
[info] First, let's associate this project directory with a Firebase project.
[info] You can create multiple project aliases by running firebase use --add, 
[info] but for now we'll just set up a default project.
[info] 
[info] i  If you want to create a project in a Google Cloud organization or folder, please use "firebase projects:create" instead, and return to this command when you've created the project. 
[debug] [2023-08-13T16:48:48.580Z] ----------------------------------------------------------------------
[debug] [2023-08-13T16:48:48.582Z] Command:       C:\Program Files\nodejs\node.exe C:\Users\dhruv\AppData\Roaming\npm\node_modules\firebase-tools\lib\bin\firebase.js init
[debug] [2023-08-13T16:48:48.582Z] CLI Version:   12.4.7
[debug] [2023-08-13T16:48:48.583Z] Platform:      win32
[debug] [2023-08-13T16:48:48.583Z] Node Version:  v18.14.2
[debug] [2023-08-13T16:48:48.584Z] Time:          Sun Aug 13 2023 22:18:48 GMT+0530 (India Standard Time)
[debug] [2023-08-13T16:48:48.584Z] ----------------------------------------------------------------------
[debug] 
[debug] [2023-08-13T16:48:48.592Z] > command requires scopes: ["email","openid","https://www.googleapis.com/auth/cloudplatformprojects.readonly","https://www.googleapis.com/auth/firebase","https://www.googleapis.com/auth/cloud-platform"]
[debug] [2023-08-13T16:48:48.593Z] > authorizing via signed-in user (shantikunjmasala@gmail.com)
[info] 
     ######## #### ########  ######## ########     ###     ######  ########
     ##        ##  ##     ## ##       ##     ##  ##   ##  ##       ##
     ######    ##  ########  ######   ########  #########  ######  ######
     ##        ##  ##    ##  ##       ##     ## ##     ##       ## ##
     ##       #### ##     ## ######## ########  ##     ##  ######  ########

You're about to initialize a Firebase project in this directory:

  P:\Client's\SKM\landing page\Static page\shantikunj-masala-coming-soon

[info] 
=== Project Setup
[info] 
[info] First, let's associate this project directory with a Firebase project.
[info] You can create multiple project aliases by running firebase use --add, 
[info] but for now we'll just set up a default project.
[info] 
[debug] [2023-08-13T16:48:55.305Z] >>> [apiv2][query] GET https://firebase.googleapis.com/v1beta1/projects pageSize=100
[debug] [2023-08-13T16:48:56.356Z] <<< [apiv2][status] GET https://firebase.googleapis.com/v1beta1/projects 200
[debug] [2023-08-13T16:48:56.357Z] <<< [apiv2][body] GET https://firebase.googleapis.com/v1beta1/projects [omitted]
[info] i  Using project shantikunj-masala-coming-soon (Shantikunj Masala Coming Soon) 
[info] 
=== Hosting Setup
[info] 
[info] Your public directory is the folder (relative to your project directory) that
[info] will contain Hosting assets to be uploaded with firebase deploy. If you
[info] have a build process for your assets, use your build's output directory.
[info] 
[debug] [2023-08-13T16:49:13.796Z] >>> [apiv2][query] GET https://www.gstatic.com/firebasejs/releases.json [none]
[debug] [2023-08-13T16:49:14.076Z] <<< [apiv2][status] GET https://www.gstatic.com/firebasejs/releases.json 200
[debug] [2023-08-13T16:49:14.076Z] <<< [apiv2][body] GET https://www.gstatic.com/firebasejs/releases.json {"current":{"version":"10.1.0","browserURL":"https://www.gstatic.com/firebasejs/10.1.0/firebase.js","packageURL":"https://www.gstatic.com/firebasejs/10.1.0/firebase.tgz"},"live":{"version":"10.1","browserURL":"https://www.gstatic.com/firebasejs/live/10.1/firebase.js","packageURL":"https://www.gstatic.com/firebasejs/live/10.1/firebase.tgz"},"components":{"analytics":"https://www.gstatic.com/firebasejs/10.1.0/firebase-analytics.js","app":"https://www.gstatic.com/firebasejs/10.1.0/firebase-app.js","app-check":"https://www.gstatic.com/firebasejs/10.1.0/firebase-app-check.js","auth":"https://www.gstatic.com/firebasejs/10.1.0/firebase-auth.js","auth/cordova":"https://www.gstatic.com/firebasejs/10.1.0/firebase-auth/cordova.js","functions":"https://www.gstatic.com/firebasejs/10.1.0/firebase-functions.js","firestore":"https://www.gstatic.com/firebasejs/10.1.0/firebase-firestore.js","firestore/lite":"https://www.gstatic.com/firebasejs/10.1.0/firebase-firestore/lite.js","installations":"https://www.gstatic.com/firebasejs/10.1.0/firebase-installations.js","storage":"https://www.gstatic.com/firebasejs/10.1.0/firebase-storage.js","performance":"https://www.gstatic.com/firebasejs/10.1.0/firebase-performance.js","remote-config":"https://www.gstatic.com/firebasejs/10.1.0/firebase-remote-config.js","messaging":"https://www.gstatic.com/firebasejs/10.1.0/firebase-messaging.js","messaging/sw":"https://www.gstatic.com/firebasejs/10.1.0/firebase-messaging/sw.js","database":"https://www.gstatic.com/firebasejs/10.1.0/firebase-database.js","firestore.memory":"https://www.gstatic.com/firebasejs/10.1.0/firebase-firestore.memory.js"}}
[info] +  Wrote public/index.html 
[info] 
[info] i  Didn't detect a .git folder. Assuming P:\Client's\SKM\landing page\Static page\shantikunj-masala-coming-soon is the project root. 
[info] i  Authorizing with GitHub to upload your service account to a GitHub repository's secrets store. 
[info] 
[info] Visit this URL on this device to log in:
[info] https://github.com/login/oauth/authorize?client_id=89cf50f02ac6aaed3484&state=618160803&redirect_uri=http%3A%2F%2Flocalhost%3A9005&scope=read%3Auser%20repo%20public_repo
[info] 
[info] Waiting for authentication...
[debug] [2023-08-13T16:50:13.934Z] >>> [apiv2][query] POST https://github.com/login/oauth/access_token [none]
[debug] [2023-08-13T16:50:13.934Z] >>> [apiv2][body] POST https://github.com/login/oauth/access_token [stream]
[debug] [2023-08-13T16:50:15.035Z] <<< [apiv2][status] POST https://github.com/login/oauth/access_token 200
[debug] [2023-08-13T16:50:15.035Z] <<< [apiv2][body] POST https://github.com/login/oauth/access_token {"access_token":"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","token_type":"bearer","scope":"read:user,repo"}
[debug] [2023-08-13T16:50:15.038Z] >>> [apiv2][query] GET https://api.github.com/user [none]
[debug] [2023-08-13T16:50:15.889Z] <<< [apiv2][status] GET https://api.github.com/user 200
[debug] [2023-08-13T16:50:15.890Z] <<< [apiv2][body] GET https://api.github.com/user {"login":"dhruv-rap","id":58787408,"node_id":"MDQ6VXNlcjU4Nzg3NDA4","avatar_url":"https://avatars.githubusercontent.com/u/58787408?v=4","gravatar_id":"","url":"https://api.github.com/users/dhruv-rap","html_url":"https://github.com/dhruv-rap","followers_url":"https://api.github.com/users/dhruv-rap/followers","following_url":"https://api.github.com/users/dhruv-rap/following{/other_user}","gists_url":"https://api.github.com/users/dhruv-rap/gists{/gist_id}","starred_url":"https://api.github.com/users/dhruv-rap/starred{/owner}{/repo}","subscriptions_url":"https://api.github.com/users/dhruv-rap/subscriptions","organizations_url":"https://api.github.com/users/dhruv-rap/orgs","repos_url":"https://api.github.com/users/dhruv-rap/repos","events_url":"https://api.github.com/users/dhruv-rap/events{/privacy}","received_events_url":"https://api.github.com/users/dhruv-rap/received_events","type":"User","site_admin":false,"name":"Dhruv Prajapati","company":null,"blog":"","location":null,"email":null,"hireable":null,"bio":null,"twitter_username":null,"public_repos":7,"public_gists":0,"followers":0,"following":0,"created_at":"2019-12-11T18:31:48Z","updated_at":"2023-05-27T07:50:31Z","private_gists":2,"total_private_repos":12,"owned_private_repos":12,"disk_usage":29553,"collaborators":9,"two_factor_authentication":false,"plan":{"name":"free","space":976562499,"collaborators":0,"private_repos":10000}}
[info] 
[info] +  Success! Logged into GitHub as dhruv-rap 
[info] 
